1624279956134	geckodriver	INFO	Listening on 127.0.0.1:1062
1624279959200	mozrunner::runner	INFO	Running command: "C:\\Program Files\\Mozilla Firefox\\firefox.exe" "--marionette" "-foreground" "-no-remote" "-profile" "C:\\Users\\yordan\\AppData\\Local\\Temp\\rust_mozprofileqfJWJI"
console.warn: SearchSettings: "get: No settings file exists, new profile?" (new Error("", "(unknown module)"))
1624279963156	Marionette	INFO	Listening on port 1070
1624279963491	Marionette	WARN	TLS certificate errors will be ignored for this session
1624279963512	Marionette	ERROR	[15] No reply from Marionette:Register
console.warn: SearchSettings: "get: No settings file exists, new profile?" (new Error("", "(unknown module)"))
JavaScript warning: https://internet-banking.dbs.com.sg/IB/dsss/js/EncryptionApplet.js?version=100, line 70: unreachable code after return statement
JavaScript warning: https://internet-banking.dbs.com.sg/IB/dsss/js/EncryptionApplet.js, line 70: unreachable code after return statement

###!!! [Child][RunMessage] Error: Channel closing: too late to send/recv, messages will be lost


###!!! [Child][RunMessage] Error: Channel closing: too late to send/recv, messages will be lost


###!!! [Child][RunMessage] Error: Channel closing: too late to send/recv, messages will be lost


###!!! [Child][RunMessage] Error: Channel closing: too late to send/recv, messages will be lost


###!!! [Child][RunMessage] Error: Channel closing: too late to send/recv, messages will be lost


###!!! [Child][RunMessage] Error: Channel closing: too late to send/recv, messages will be lost


###!console.warn: SearchSettings: "get: No settings file exists, new profile?" (new NotFoundError("Could not open the file at C:\\Users\\yordan\\AppData\\Local\\Temp\\rust_mozprofileTp8GOq\\search.json.mozlz4", (void 0)))
1624279993918	Marionette	INFO	Listening on port 1170
1624279994007	Marionette	WARN	TLS certificate errors will be ignored for this session
JavaScript warning: https://internet-banking.dbs.com.sg/IB/dsss/js/EncryptionApplet.js?version=100, line 70: unreachable code after return statement
1624279998498	Marionette	WARN	Ignoring event 'DOMContentLoaded' because document has an invalid readyState of 'complete'.
1624279998498	Marionette	WARN	Ignoring event 'DOMContentLoaded' because document has an invalid readyState of 'complete'.
JavaScript warning: https://internet-banking.dbs.com.sg/IB/dsss/js/EncryptionApplet.js, line 70: unreachable code after return statement
1624280007689	Marionette	INFO	Stopped listening on port 1170

###!!! [Child][RunMessage] Error: Channel closing: too late to send/recv, messages will be lost

1624280137097	geckodriver	INFO	Listening on 127.0.0.1:9398
1624280140162	mozrunner::runner	INFO	Running command: "C:\\Program Files\\Mozilla Firefox\\firefox.exe" "--marionette" "-foreground" "-no-remote" "-profile" "C:\\Users\\yordan\\AppData\\Local\\Temp\\rust_mozprofilevesHcQ"
1624280140789	Marionette	INFO	Marionette enabled
console.warn: SearchSettings: "get: No settings file exists, new profile?" (new NotFoundError("Could not open the file at C:\\Users\\yordan\\AppData\\Local\\Temp\\rust_mozprofilevesHcQ\\search.json.mozlz4", (void 0)))
1624280143205	Marionette	INFO	Listening on port 9406
1624280143328	Marionette	WARN	TLS certificate errors will be ignored for this session
JavaScript warning: https://internet-banking.dbs.com.sg/IB/dsss/js/EncryptionApplet.js?version=100, line 70: unreachable code after return statement
1624280147231	Marionette	WARN	Ignoring event 'DOMContentLoaded' because document has an invalid readyState of 'complete'.
JavaScript warning: https://internet-banking.dbs.com.sg/IB/dsss/js/EncryptionApplet.js, line 70: unreachable code after return statement
1624280240722	Marionette	INFO	Stopped listening on port 9406

###!!! [Child][RunMessage] Error: Channel closing: too late to send/recv, messages will be lost

"--marionette" "-foreground" "-no-remote" "-profile" "C:\\Users\\yordan\\AppData\\Local\\Temp\\rust_mozprofile3if8vW"
1624280157956	Marionette	INFO	Marionette enabled
console.warn: SearchSettings: "get: No settings file exists, new profile?" (new NotFoundError("Could not open the file at C:\\Users\\yordan\\AppData\\Local\\Temp\\rust_mozprofile3if8vW\\search.json.mozlz4", (void 0)))
1624280160029	Marionette	INFO	Listening on port 9486
1624280160158	Marionette	WARN	TLS certificate errors will be ignored for this session
JavaScript warning: https://internet-banking.dbs.com.sg/IB/dsss/js/EncryptionApplet.js?version=100, line 70: unreachable code after return statement
1624280166335	Marionette	WARN	Ignoring event 'DOMContentLoaded' because document has an invalid readyState of 'complete'.
JavaScript warning: https://internet-banking.dbs.com.sg/IB/dsss/js/EncryptionApplet.js, line 70: unreachable code after return statement
1624280236114	Marionette	INFO	Stopped listening on port 9486

###!!! [Child][RunMessage] Error: Channel closing: too late to send/recv, messages will be lost

 "--marionette" "-foreground" "-no-remote" "-profile" "C:\\Users\\yordan\\AppData\\Local\\Temp\\rust_mozprofilesaj2EP"
1624280226035	Marionette	INFO	Marionette enabled
console.warn: SearchSettings: "get: No settings file exists, new profile?" (new NotFoundError("Could not open the file at C:\\Users\\yordan\\AppData\\Local\\Temp\\rust_mozprofilesaj2EP\\search.json.mozlz4", (void 0)))
1624280230075	Marionette	INFO	Listening on port 27561
1624280230301	Marionette	WARN	TLS certificate errors will be ignored for this session
JavaScript warning: https://internet-banking.dbs.com.sg/IB/dsss/js/EncryptionApplet.js?version=100, line 70: unreachable code after return statement
1624280235373	Marionette	WARN	Ignoring event 'DOMContentLoaded' because document has an invalid readyState of 'complete'.
1624280235373	Marionette	WARN	Ignoring event 'DOMContentLoaded' because document has an invalid readyState of 'complete'.
JavaScript warning: https://internet-banking.dbs.com.sg/IB/dsss/js/EncryptionApplet.js, line 70: unreachable code after return statement
1624280242859	Marionette	INFO	Stopped listening on port 27561
1624280320332	geckodriver	INFO	Listening on 127.0.0.1:1062
1624280323372	mozrunner::runner	INFO	Running command: "C:\\Program Files\\Mozilla Firefox\\firefox.exe" "--marionette" "-foreground" "-no-remote" "-profile" "C:\\Users\\yordan\\AppData\\Local\\Temp\\rust_mozprofileRCniyY"
1624280323993	Marionette	INFO	Marionette enabled
console.warn: SearchSettings: "get: No settings file exists, new profile?" (new NotFoundError("Could not open the file at C:\\Users\\yordan\\AppData\\Local\\Temp\\rust_mozprofileRCniyY\\search.json.mozlz4", (void 0)))
1624280326325	Marionette	INFO	Listening on port 1071
1624280326572	Marionette	WARN	TLS certificate errors will be ignored for this session
JavaScript warning: https://internet-banking.dbs.com.sg/IB/dsss/js/EncryptionApplet.js?version=100, line 70: unreachable code after return statement
1624280331598	Marionette	WARN	Ignoring event 'DOMContentLoaded' because document has an invalid readyState of 'complete'.
1624280331599	Marionette	WARN	Ignoring event 'DOMContentLoaded' because document has an invalid readyState of 'complete'.
JavaScript warning: https://internet-banking.dbs.com.sg/IB/dsss/js/EncryptionApplet.js, line 70: unreachable code after return statement
1624280344924	Marionette	INFO	Stopped listening on port 1071

###!!! [Child][RunMessage] Error: Channel closing: too late to send/recv, messages will be lost

1624280501019	geckodriver	INFO	Listening on 127.0.0.1:1081
1624280504081	mozrunner::runner	INFO	Running command: "C:\\Program Files\\Mozilla Firefox\\firefox.exe" "--marionette" "-headless" "-foreground" "-no-remote" "-profile" "C:\\Users\\yordan\\AppData\\Local\\Temp\\rust_mozprofile878kfm"
*** You are running in headless mode.
1624280504561	Marionette	INFO	Marionette enabled
console.warn: SearchSettings: "get: No settings file exists, new profile?" (new NotFoundError("Could not open the file at C:\\Users\\yordan\\AppData\\Local\\Temp\\rust_mozprofile878kfm\\search.json.mozlz4", (void 0)))
1624280505938	Marionette	INFO	Listening on port 1089
1624280506125	Marionette	WARN	TLS certificate errors will be ignored for this session
JavaScript warning: https://internet-banking.dbs.com.sg/IB/dsss/js/EncryptionApplet.js?version=100, line 70: unreachable code after return statement
1624280510077	Marionette	WARN	Ignoring event 'DOMContentLoaded' because document has an invalid readyState of 'complete'.
1624280510077	Marionette	WARN	Ignoring event 'DOMContentLoaded' because document has an invalid readyState of 'complete'.
JavaScript warning: https://internet-banking.dbs.com.sg/IB/dsss/js/EncryptionApplet.js, line 70: unreachable code after return statement
JavaScript warning: https://assets.adobedtm.com/7cb8109970d1/91e60302cf2a/launch-aeb39dae19a7.min.js?version=253, line 5: Failed to create WebGL context: WebGL creation failed: 
* Can't use WebGL in headless mode (https://bugzil.la/1375585). ()
JavaScript warning: https://assets.adobedtm.com/7cb8109970d1/91e60302cf2a/launch-aeb39dae19a7.min.js?version=253, line 5: Failed to create WebGL context: WebGL creation failed: 
* Can't use WebGL in headless mode (https://bugzil.la/1375585). ()
JavaScript warning: https://assets.adobedtm.com/7cb8109970d1/91e60302cf2a/launch-aeb39dae19a7.min.js?version=253, line 5: Failed to create WebGL context: WebGL creation failed: 
* Can't use WebGL in headless mode (https://bugzil.la/1375585). ()
JavaScript warning: https://assets.adobedtm.com/7cb8109970d1/91e60302cf2a/launch-aeb39dae19a7.min.js?version=253, line 5: Failed to create WebGL context: WebGL creation failed: 
* Can't use WebGL in headless mode (https://bugzil.la/1375585). ()
JavaScript error: , line 0: NotFoundError: Could not move source file(C:\Users\yordan\AppData\Local\Temp\rust_mozprofile878kfm\bookmarkbackups\bookmarks-2021-06-21_11_y8NI03puq05JxmvJ6wKeIg==.jsonlz4) because it does not exist
"C:\\Users\\yordan\\AppData\\Local\\Temp\\rust_mozprofile76BApt"
*** You are running in headless mode.
1624280520607	Marionette	INFO	Marionette enabled
console.warn: SearchSettings: "get: No settings file exists, new profile?" (new NotFoundError("Could not open the file at C:\\Users\\yordan\\AppData\\Local\\Temp\\rust_mozprofile76BApt\\search.json.mozlz4", (void 0)))
1624280521954	Marionette	INFO	Listening on port 8214
1624280522181	Marionette	WARN	TLS certificate errors will be ignored for this session
JavaScript warning: https://internet-banking.dbs.com.sg/IB/dsss/js/EncryptionApplet.js?version=100, line 70: unreachable code after return statement
1624280526038	Marionette	WARN	Ignoring event 'DOMContentLoaded' because document has an invalid readyState of 'complete'.
JavaScript warning: https://internet-banking.dbs.com.sg/IB/dsss/js/EncryptionApplet.js, line 70: unreachable code after return statement
JavaScript warning: https://assets.adobedtm.com/7cb8109970d1/91e60302cf2a/launch-aeb39dae19a7.min.js?version=253, line 5: Failed to create WebGL context: WebGL creation failed: 
* Can't use WebGL in headless mode (https://bugzil.la/1375585). ()
JavaScript warning: https://assets.adobedtm.com/7cb8109970d1/91e60302cf2a/launch-aeb39dae19a7.min.js?version=253, line 5: Failed to create WebGL context: WebGL creation failed: 
* Can't use WebGL in headless mode (https://bugzil.la/1375585). ()
JavaScript warning: https://assets.adobedtm.com/7cb8109970d1/91e60302cf2a/launch-aeb39dae19a7.min.js?version=253, line 5: Failed to create WebGL context: WebGL creation failed: 
* Can't use WebGL in headless mode (https://bugzil.la/1375585). ()
JavaScript warning: https://assets.adobedtm.com/7cb8109970d1/91e60302cf2a/launch-aeb39dae19a7.min.js?version=253, line 5: Failed to create WebGL context: WebGL creation failed: 
* Can't use WebGL in headless mode (https://bugzil.la/1375585). ()
JavaScript error: , line 0: NotFoundError: Could not move source file(C:\Users\yordan\AppData\Local\Temp\rust_mozprofile76BApt\bookmarkbackups\bookmarks-2021-06-21_11_ubbd0A10z6+yY1DQH4MMqw==.jsonlz4) because it does not exist
"C:\\Users\\yordan\\AppData\\Local\\Temp\\rust_mozprofiledVIsvS"
*** You are running in headless mode.
1624280558563	Marionette	INFO	Marionette enabled
console.warn: SearchSettings: "get: No settings file exists, new profile?" (new NotFoundError("Could not open the file at C:\\Users\\yordan\\AppData\\Local\\Temp\\rust_mozprofiledVIsvS\\search.json.mozlz4", (void 0)))
1624280559935	Marionette	INFO	Listening on port 5737
1624280560120	Marionette	WARN	TLS certificate errors will be ignored for this session
JavaScript warning: https://internet-banking.dbs.com.sg/IB/dsss/js/EncryptionApplet.js?version=100, line 70: unreachable code after return statement
1624280564961	Marionette	WARN	Ignoring event 'DOMContentLoaded' because document has an invalid readyState of 'complete'.
1624280564962	Marionette	WARN	Ignoring event 'DOMContentLoaded' because document has an invalid readyState of 'complete'.
JavaScript warning: https://internet-banking.dbs.com.sg/IB/dsss/js/EncryptionApplet.js, line 70: unreachable code after return statement
JavaScript warning: https://assets.adobedtm.com/7cb8109970d1/91e60302cf2a/launch-aeb39dae19a7.min.js?version=253, line 5: Failed to create WebGL context: WebGL creation failed: 
* Can't use WebGL in headless mode (https://bugzil.la/1375585). ()
JavaScript warning: https://assets.adobedtm.com/7cb8109970d1/91e60302cf2a/launch-aeb39dae19a7.min.js?version=253, line 5: Failed to create WebGL context: WebGL creation failed: 
* Can't use WebGL in headless mode (https://bugzil.la/1375585). ()
JavaScript warning: https://assets.adobedtm.com/7cb8109970d1/91e60302cf2a/launch-aeb39dae19a7.min.js?version=253, line 5: Failed to create WebGL context: WebGL creation failed: 
* Can't use WebGL in headless mode (https://bugzil.la/1375585). ()
JavaScript warning: https://assets.adobedtm.com/7cb8109970d1/91e60302cf2a/launch-aeb39dae19a7.min.js?version=253, line 5: Failed to create WebGL context: WebGL creation failed: 
* Can't use WebGL in headless mode (https://bugzil.la/1375585). ()
1624280620781	geckodriver	INFO	Listening on 127.0.0.1:5833
1624280623818	mozrunner::runner	INFO	Running command: "C:\\Program Files\\Mozilla Firefox\\firefox.exe" "--marionette" "-foreground" "-no-remote" "-profile" "C:\\Users\\yordan\\AppData\\Local\\Temp\\rust_mozprofileZf1xyO"
1624280624451	Marionette	INFO	Marionette enabled
console.warn: SearchSettings: "get: No settings file exists, new profile?" (new NotFoundError("Could not open the file at C:\\Users\\yordan\\AppData\\Local\\Temp\\rust_mozprofileZf1xyO\\search.json.mozlz4", (void 0)))
1624280627265	Marionette	INFO	Listening on port 5842
1624280627498	Marionette	WARN	TLS certificate errors will be ignored for this session
JavaScript warning: https://internet-banking.dbs.com.sg/IB/dsss/js/EncryptionApplet.js?version=100, line 70: unreachable code after return statement
1624280631248	Marionette	WARN	Ignoring event 'DOMContentLoaded' because document has an invalid readyState of 'complete'.
JavaScript warning: https://internet-banking.dbs.com.sg/IB/dsss/js/EncryptionApplet.js, line 70: unreachable code after return statement
1624280815101	Marionette	INFO	Stopped listening on port 5842

###!!! [Child][RunMessage] Error: Channel closing: too late to send/recv, messages will be lost

"--marionette" "-foreground" "-no-remote" "-profile" "C:\\Users\\yordan\\AppData\\Local\\Temp\\rust_mozprofile6i84AB"
1624280743033	Marionette	INFO	Marionette enabled
console.warn: SearchSettings: "get: No settings file exists, new profile?" (new NotFoundError("Could not open the file at C:\\Users\\yordan\\AppData\\Local\\Temp\\rust_mozprofile6i84AB\\search.json.mozlz4", (void 0)))
1624280745193	Marionette	INFO	Listening on port 1059
1624280745655	Marionette	WARN	TLS certificate errors will be ignored for this session
JavaScript warning: https://internet-banking.dbs.com.sg/IB/dsss/js/EncryptionApplet.js?version=100, line 70: unreachable code after return statement
1624280749820	Marionette	WARN	Ignoring event 'DOMContentLoaded' because document has an invalid readyState of 'complete'.
1624280749821	Marionette	WARN	Ignoring event 'DOMContentLoaded' because document has an invalid readyState of 'complete'.
JavaScript warning: https://internet-banking.dbs.com.sg/IB/dsss/js/EncryptionApplet.js, line 70: unreachable code after return statement
1624280765145	Marionette	INFO	Stopped listening on port 1059

###!!! [Child][RunMessage] Error: Channel closing: too late to send/recv, messages will be lost

1624280826713	geckodriver	INFO	Listening on 127.0.0.1:33305
1624280829755	mozrunner::runner	INFO	Running command: "C:\\Program Files\\Mozilla Firefox\\firefox.exe" "--marionette" "-foreground" "-no-remote" "-profile" "C:\\Users\\yordan\\AppData\\Local\\Temp\\rust_mozprofile3bV3jF"
1624280830396	Marionette	INFO	Marionette enabled
console.warn: SearchSettings: "get: No settings file exists, new profile?" (new NotFoundError("Could not open the file at C:\\Users\\yordan\\AppData\\Local\\Temp\\rust_mozprofile3bV3jF\\search.json.mozlz4", (void 0)))
1624280832933	Marionette	INFO	Listening on port 1028
1624280833438	Marionette	WARN	TLS certificate errors will be ignored for this session
JavaScript warning: https://internet-banking.dbs.com.sg/IB/dsss/js/EncryptionApplet.js?version=100, line 70: unreachable code after return statement
1624280837887	Marionette	WARN	Ignoring event 'DOMContentLoaded' because document has an invalid readyState of 'complete'.
JavaScript warning: https://internet-banking.dbs.com.sg/IB/dsss/js/EncryptionApplet.js, line 70: unreachable code after return statement
JavaScript error: resource://gre/modules/Prompter.jsm, line 1253: NS_ERROR_NOT_AVAILABLE: prompt aborted by user
1624281652940	Marionette	INFO	Stopped listening on port 1028

###!!! [Child][RunMessage] Error: Channel closing: too late to send/recv, messages will be lost

3u"
1624280938641	Marionette	INFO	Marionette enabled
console.warn: SearchSettings: "get: No settings file exists, new profile?" (new NotFoundError("Could not open the file at C:\\Users\\yordan\\AppData\\Local\\Temp\\rust_mozprofileVW7h3u\\search.json.mozlz4", (void 0)))
1624280941203	Marionette	INFO	Listening on port 1080
1624280941310	Marionette	WARN	TLS certificate errors will be ignored for this session
JavaScript warning: https://internet-banking.dbs.com.sg/IB/dsss/js/EncryptionApplet.js?version=100, line 70: unreachable code after return statement
1624280948475	Marionette	WARN	Ignoring event 'DOMContentLoaded' because document has an invalid readyState of 'complete'.
JavaScript warning: https://internet-banking.dbs.com.sg/IB/dsss/js/EncryptionApplet.js, line 70: unreachable code after return statement
1624280983181	Marionette	INFO	Stopped listening on port 1080

###!!! [Child][RunMessage] Error: Channel closing: too late to send/recv, messages will be lost

1624281681451	geckodriver	INFO	Listening on 127.0.0.1:1067
1624281684516	mozrunner::runner	INFO	Running command: "C:\\Program Files\\Mozilla Firefox\\firefox.exe" "--marionette" "-foreground" "-no-remote" "-profile" "C:\\Users\\yordan\\AppData\\Local\\Temp\\rust_mozprofileO7QLE2"
1624281685231	Marionette	INFO	Marionette enabled
console.warn: SearchSettings: "get: No settings file exists, new profile?" (new NotFoundError("Could not open the file at C:\\Users\\yordan\\AppData\\Local\\Temp\\rust_mozprofileO7QLE2\\search.json.mozlz4", (void 0)))
1624281687981	Marionette	INFO	Listening on port 1075
1624281688201	Marionette	WARN	TLS certificate errors will be ignored for this session
JavaScript warning: https://internet-banking.dbs.com.sg/IB/dsss/js/EncryptionApplet.js?version=100, line 70: unreachable code after return statement
1624281693836	Marionette	WARN	Ignoring event 'DOMContentLoaded' because document has an invalid readyState of 'complete'.
JavaScript warning: https://internet-banking.dbs.com.sg/IB/dsss/js/EncryptionApplet.js, line 70: unreachable code after return statement
1624281706200	Marionette	INFO	Stopped listening on port 1075

###!!! [Child][RunMessage] Error: Channel closing: too late to send/recv, messages will be lost

1624281729847	geckodriver	INFO	Listening on 127.0.0.1:27429
1624281732907	mozrunner::runner	INFO	Running command: "C:\\Program Files\\Mozilla Firefox\\firefox.exe" "--marionette" "-foreground" "-no-remote" "-profile" "C:\\Users\\yordan\\AppData\\Local\\Temp\\rust_mozprofileJUfo4P"
1624281733535	Marionette	INFO	Marionette enabled
console.warn: SearchSettings: "get: No settings file exists, new profile?" (new NotFoundError("Could not open the file at C:\\Users\\yordan\\AppData\\Local\\Temp\\rust_mozprofileJUfo4P\\search.json.mozlz4", (void 0)))
1624281735882	Marionette	INFO	Listening on port 27437
1624281736079	Marionette	WARN	TLS certificate errors will be ignored for this session
JavaScript warning: https://internet-banking.dbs.com.sg/IB/dsss/js/EncryptionApplet.js?version=100, line 70: unreachable code after return statement
1624281739435	Marionette	WARN	Ignoring event 'DOMContentLoaded' because document has an invalid readyState of 'complete'.
JavaScript warning: https://internet-banking.dbs.com.sg/IB/dsss/js/EncryptionApplet.js, line 70: unreachable code after return statement
1624281782228	Marionette	INFO	Stopped listening on port 27437

###!!! [Child][RunMessage] Error: Channel closing: too late to send/recv, messages will be lost

1624281787987	geckodriver	INFO	Listening on 127.0.0.1:25631
1624281791048	mozrunner::runner	INFO	Running command: "C:\\Program Files\\Mozilla Firefox\\firefox.exe" "--marionette" "-foreground" "-no-remote" "-profile" "C:\\Users\\yordan\\AppData\\Local\\Temp\\rust_mozprofileSfv7mo"
1624281791692	Marionette	INFO	Marionette enabled
console.warn: SearchSettings: "get: No settings file exists, new profile?" (new NotFoundError("Could not open the file at C:\\Users\\yordan\\AppData\\Local\\Temp\\rust_mozprofileSfv7mo\\search.json.mozlz4", (void 0)))
1624281794356	Marionette	INFO	Listening on port 26975
1624281794732	Marionette	WARN	TLS certificate errors will be ignored for this session
JavaScript warning: https://internet-banking.dbs.com.sg/IB/dsss/js/EncryptionApplet.js?version=100, line 70: unreachable code after return statement
1624281799502	Marionette	WARN	Ignoring event 'DOMContentLoaded' because document has an invalid readyState of 'complete'.
JavaScript warning: https://internet-banking.dbs.com.sg/IB/dsss/js/EncryptionApplet.js, line 70: unreachable code after return statement
1624281920059	Marionette	INFO	Stopped listening on port 26975

###!!! [Child][RunMessage] Error: Channel closing: too late to send/recv, messages will be lost

1624281927105	geckodriver	INFO	Listening on 127.0.0.1:1052
1624281930159	mozrunner::runner	INFO	Running command: "C:\\Program Files\\Mozilla Firefox\\firefox.exe" "--marionette" "-foreground" "-no-remote" "-profile" "C:\\Users\\yordan\\AppData\\Local\\Temp\\rust_mozprofile2SejID"
1624281930796	Marionette	INFO	Marionette enabled
console.warn: SearchSettings: "get: No settings file exists, new profile?" (new NotFoundError("Could not open the file at C:\\Users\\yordan\\AppData\\Local\\Temp\\rust_mozprofile2SejID\\search.json.mozlz4", (void 0)))
1624281933249	Marionette	INFO	Listening on port 1064
1624281933329	Marionette	WARN	TLS certificate errors will be ignored for this session
JavaScript warning: https://internet-banking.dbs.com.sg/IB/dsss/js/EncryptionApplet.js?version=100, line 70: unreachable code after return statement
1624281936799	Marionette	WARN	Ignoring event 'DOMContentLoaded' because document has an invalid readyState of 'complete'.
JavaScript warning: https://internet-banking.dbs.com.sg/IB/dsss/js/EncryptionApplet.js, line 70: unreachable code after return statement
JavaScript error: resource://gre/modules/Prompter.jsm, line 1253: NS_ERROR_NOT_AVAILABLE: prompt aborted by user
1624283197743	Marionette	INFO	Stopped listening on port 1064

###!!! [Child][RunMessage] Error: Channel closing: too late to send/recv, messages will be lost

DKJ"
1624282008653	Marionette	INFO	Marionette enabled
console.warn: SearchSettings: "get: No settings file exists, new profile?" (new NotFoundError("Could not open the file at C:\\Users\\yordan\\AppData\\Local\\Temp\\rust_mozprofileKvoDKJ\\search.json.mozlz4", (void 0)))
1624282010988	Marionette	INFO	Listening on port 26843
1624282011308	Marionette	WARN	TLS certificate errors will be ignored for this session
JavaScript warning: https://internet-banking.dbs.com.sg/IB/dsss/js/EncryptionApplet.js?version=100, line 70: unreachable code after return statement
1624282013355	Marionette	WARN	Ignoring event 'DOMContentLoaded' because document has an invalid readyState of 'complete'.
1624282016369	Marionette	WARN	Ignoring event 'DOMContentLoaded' because document has an invalid readyState of 'complete'.
JavaScript warning: https://internet-banking.dbs.com.sg/IB/dsss/js/EncryptionApplet.js, line 70: unreachable code after return statement
1624282028502	Marionette	INFO	Stopped listening on port 26843

###!!! [Child][RunMessage] Error: Channel closing: too late to send/recv, messages will be lost

1624282076769	geckodriver	INFO	Listening on 127.0.0.1:13709
1624282079813	mozrunner::runner	INFO	Running command: "C:\\Program Files\\Mozilla Firefox\\firefox.exe" "--marionette" "-foreground" "-no-remote" "-profile" "C:\\Users\\yordan\\AppData\\Local\\Temp\\rust_mozprofileDDdcQm"
1624282080341	Marionette	INFO	Marionette enabled
console.warn: SearchSettings: "get: No settings file exists, new profile?" (new NotFoundError("Could not open the file at C:\\Users\\yordan\\AppData\\Local\\Temp\\rust_mozprofileDDdcQm\\search.json.mozlz4", (void 0)))
1624282082579	Marionette	INFO	Listening on port 13717
1624282082979	Marionette	WARN	TLS certificate errors will be ignored for this session
JavaScript warning: https://internet-banking.dbs.com.sg/IB/dsss/js/EncryptionApplet.js?version=100, line 70: unreachable code after return statement
1624282087116	Marionette	WARN	Ignoring event 'DOMContentLoaded' because document has an invalid readyState of 'complete'.
1624282087116	Marionette	WARN	Ignoring event 'DOMContentLoaded' because document has an invalid readyState of 'complete'.
JavaScript warning: https://internet-banking.dbs.com.sg/IB/dsss/js/EncryptionApplet.js, line 70: unreachable code after return statement
1624282149688	Marionette	INFO	Stopped listening on port 13717

###!!! [Child][RunMessage] Error: Channel closing: too late to send/recv, messages will be lost

--marionette" "-foreground" "-no-remote" "-profile" "C:\\Users\\yordan\\AppData\\Local\\Temp\\rust_mozprofileFSNxVW"
1624282144137	Marionette	INFO	Marionette enabled
console.warn: SearchSettings: "get: No settings file exists, new profile?" (new NotFoundError("Could not open the file at C:\\Users\\yordan\\AppData\\Local\\Temp\\rust_mozprofileFSNxVW\\search.json.mozlz4", (void 0)))
1624282146798	Marionette	INFO	Listening on port 1074
1624282147257	Marionette	WARN	TLS certificate errors will be ignored for this session
JavaScript warning: https://internet-banking.dbs.com.sg/IB/dsss/js/EncryptionApplet.js?version=100, line 70: unreachable code after return statement
1624282152084	Marionette	WARN	Ignoring event 'DOMContentLoaded' because document has an invalid readyState of 'complete'.
1624282152085	Marionette	WARN	Ignoring event 'DOMContentLoaded' because document has an invalid readyState of 'complete'.
JavaScript warning: https://internet-banking.dbs.com.sg/IB/dsss/js/EncryptionApplet.js, line 70: unreachable code after return statement
1624282170590	Marionette	INFO	Stopped listening on port 1074

###!!! [Child][RunMessage] Error: Channel closing: too late to send/recv, messages will be lost

1624282235459	geckodriver	INFO	Listening on 127.0.0.1:1051
1624282238522	mozrunner::runner	INFO	Running command: "C:\\Program Files\\Mozilla Firefox\\firefox.exe" "--marionette" "-foreground" "-no-remote" "-profile" "C:\\Users\\yordan\\AppData\\Local\\Temp\\rust_mozprofileMhEhSj"
1624282239032	Marionette	INFO	Marionette enabled
console.warn: SearchSettings: "get: No settings file exists, new profile?" (new NotFoundError("Could not open the file at C:\\Users\\yordan\\AppData\\Local\\Temp\\rust_mozprofileMhEhSj\\search.json.mozlz4", (void 0)))
1624282241207	Marionette	INFO	Listening on port 1060
1624282241690	Marionette	WARN	TLS certificate errors will be ignored for this session
JavaScript warning: https://internet-banking.dbs.com.sg/IB/dsss/js/EncryptionApplet.js?version=100, line 70: unreachable code after return statement
1624282248385	Marionette	WARN	Ignoring event 'DOMContentLoaded' because document has an invalid readyState of 'complete'.
1624282248386	Marionette	WARN	Ignoring event 'DOMContentLoaded' because document has an invalid readyState of 'complete'.
JavaScript warning: https://internet-banking.dbs.com.sg/IB/dsss/js/EncryptionApplet.js, line 70: unreachable code after return statement
1624282383047	Marionette	INFO	Stopped listening on port 1060

###!!! [Child][RunMessage] Error: Channel closing: too late to send/recv, messages will be lost

1624282389101	geckodriver	INFO	Listening on 127.0.0.1:1046
1624282392178	mozrunner::runner	INFO	Running command: "C:\\Program Files\\Mozilla Firefox\\firefox.exe" "--marionette" "-foreground" "-no-remote" "-profile" "C:\\Users\\yordan\\AppData\\Local\\Temp\\rust_mozprofileaxV9kU"
1624282392691	Marionette	INFO	Marionette enabled
console.warn: SearchSettings: "get: No settings file exists, new profile?" (new NotFoundError("Could not open the file at C:\\Users\\yordan\\AppData\\Local\\Temp\\rust_mozprofileaxV9kU\\search.json.mozlz4", (void 0)))
1624282394812	Marionette	INFO	Listening on port 1058
1624282394851	Marionette	WARN	TLS certificate errors will be ignored for this session
JavaScript warning: https://internet-banking.dbs.com.sg/IB/dsss/js/EncryptionApplet.js?version=100, line 70: unreachable code after return statement
1624282399723	Marionette	WARN	Ignoring event 'DOMContentLoaded' because document has an invalid readyState of 'complete'.
JavaScript warning: https://internet-banking.dbs.com.sg/IB/dsss/js/EncryptionApplet.js, line 70: unreachable code after return statement
1624282443812	Marionette	INFO	Stopped listening on port 10581624282443986	mozrunner::runner	INFO	Running command: "C:\\Program Files\\Mozilla Firefox\\firefox.exe" "--marionette" "-foreground" "-no-remote" "-profile" "C:\\Users\\yordan\\AppData\\Local\\Temp\\rust_mozprofileBnS9Yv"
1624282444547	Marionette	INFO	Marionette enabled
console.warn: SearchSettings: "get: No settings file exists, new profile?" (new NotFoundError("Could not open the file at C:\\Users\\yordan\\AppData\\Local\\Temp\\rust_mozprofileBnS9Yv\\search.json.mozlz4", (void 0)))
1624282447147	Marionette	INFO	Listening on port 19660
1624282447675	Marionette	WARN	TLS certificate errors will be ignored for this session
JavaScript warning: https://internet-banking.dbs.com.sg/IB/dsss/js/EncryptionApplet.js?version=100, line 70: unreachable code after return statement
1624282451942	Marionette	WARN	Ignoring event 'DOMContentLoaded' because document has an invalid readyState of 'complete'.
JavaScript warning: https://internet-banking.dbs.com.sg/IB/dsss/js/EncryptionApplet.js, line 70: unreachable code after return statement
1624282751190	Marionette	INFO	Stopped listening on port 19660

###!!! [Child][RunMessage] Error: Channel closing: too late to send/recv, messages will be lost

--marionette" "-foreground" "-no-remote" "-profile" "C:\\Users\\yordan\\AppData\\Local\\Temp\\rust_mozprofilezYGRAc"
1624282721819	Marionette	INFO	Marionette enabled
console.warn: SearchSettings: "get: No settings file exists, new profile?" (new NotFoundError("Could not open the file at C:\\Users\\yordan\\AppData\\Local\\Temp\\rust_mozprofilezYGRAc\\search.json.mozlz4", (void 0)))
1624282724102	Marionette	INFO	Listening on port 1076
1624282724475	Marionette	WARN	TLS certificate errors will be ignored for this session
JavaScript warning: https://internet-banking.dbs.com.sg/IB/dsss/js/EncryptionApplet.js?version=100, line 70: unreachable code after return statement
1624282728706	Marionette	WARN	Ignoring event 'DOMContentLoaded' because document has an invalid readyState of 'complete'.
1624282728706	Marionette	WARN	Ignoring event 'DOMContentLoaded' because document has an invalid readyState of 'complete'.
JavaScript warning: https://internet-banking.dbs.com.sg/IB/dsss/js/EncryptionApplet.js, line 70: unreachable code after return statement
1624282752630	Marionette	INFO	Stopped listening on port 1076

###!!! [Child][RunMessage] Error: Channel closing: too late to send/recv, messages will be lost

1624282756858	geckodriver	INFO	Listening on 127.0.0.1:1036
1624282759885	mozrunner::runner	INFO	Running command: "C:\\Program Files\\Mozilla Firefox\\firefox.exe" "--marionette" "-foreground" "-no-remote" "-profile" "C:\\Users\\yordan\\AppData\\Local\\Temp\\rust_mozprofilepiz6U4"
1624282760479	Marionette	INFO	Marionette enabled
console.warn: SearchSettings: "get: No settings file exists, new profile?" (new NotFoundError("Could not open the file at C:\\Users\\yordan\\AppData\\Local\\Temp\\rust_mozprofilepiz6U4\\search.json.mozlz4", (void 0)))
1624282762743	Marionette	INFO	Listening on port 1053
1624282763062	Marionette	WARN	TLS certificate errors will be ignored for this session
JavaScript warning: https://internet-banking.dbs.com.sg/IB/dsss/js/EncryptionApplet.js?version=100, line 70: unreachable code after return statement
1624282766969	Marionette	WARN	Ignoring event 'DOMContentLoaded' because document has an invalid readyState of 'complete'.
JavaScript warning: https://internet-banking.dbs.com.sg/IB/dsss/js/EncryptionApplet.js, line 70: unreachable code after return statement
1624283187420	Marionette	INFO	Stopped listening on port 1053

###!!! [Child][RunMessage] Error: Channel closing: too late to send/recv, messages will be lost

"--marionette" "-foreground" "-no-remote" "-profile" "C:\\Users\\yordan\\AppData\\Local\\Temp\\rust_mozprofileU2oKvQ"
1624283171911	Marionette	INFO	Marionette enabled
console.warn: SearchSettings: "get: No settings file exists, new profile?" (new NotFoundError("Could not open the file at C:\\Users\\yordan\\AppData\\Local\\Temp\\rust_mozprofileU2oKvQ\\search.json.mozlz4", (void 0)))
1624283174174	Marionette	INFO	Listening on port 1088
1624283174558	Marionette	WARN	TLS certificate errors will be ignored for this session
JavaScript warning: https://internet-banking.dbs.com.sg/IB/dsss/js/EncryptionApplet.js?version=100, line 70: unreachable code after return statement
1624283176283	Marionette	WARN	Ignoring event 'DOMContentLoaded' because document has an invalid readyState of 'complete'.
1624283177962	Marionette	WARN	Ignoring event 'DOMContentLoaded' because document has an invalid readyState of 'complete'.
JavaScript warning: https://internet-banking.dbs.com.sg/IB/dsss/js/EncryptionApplet.js, line 70: unreachable code after return statement
1624283195650	Marionette	INFO	Stopped listening on port 1088

###!!! [Child][RunMessage] Error: Channel closing: too late to send/recv, messages will be lost

1624283294884	geckodriver	INFO	Listening on 127.0.0.1:30646
1624283297933	mozrunner::runner	INFO	Running command: "C:\\Program Files\\Mozilla Firefox\\firefox.exe" "--marionette" "-foreground" "-no-remote" "-profile" "C:\\Users\\yordan\\AppData\\Local\\Temp\\rust_mozprofile01ouIR"
1624283298563	Marionette	INFO	Marionette enabled
console.warn: SearchSettings: "get: No settings file exists, new profile?" (new NotFoundError("Could not open the file at C:\\Users\\yordan\\AppData\\Local\\Temp\\rust_mozprofile01ouIR\\search.json.mozlz4", (void 0)))
1624283300888	Marionette	INFO	Listening on port 30657
1624283301116	Marionette	WARN	TLS certificate errors will be ignored for this session
JavaScript warning: https://internet-banking.dbs.com.sg/IB/dsss/js/EncryptionApplet.js?version=100, line 70: unreachable code after return statement
1624283307441	Marionette	WARN	Ignoring event 'DOMContentLoaded' because document has an invalid readyState of 'complete'.
JavaScript warning: https://internet-banking.dbs.com.sg/IB/dsss/js/EncryptionApplet.js, line 70: unreachable code after return statement
1624283407523	Marionette	INFO	Stopped listening on port 30657

###!!! [Child][RunMessage] Error: Channel closing: too late to send/recv, messages will be lost

--marionette" "-foreground" "-no-remote" "-profile" "C:\\Users\\yordan\\AppData\\Local\\Temp\\rust_mozprofile1Mpcmz"
1624283341460	Marionette	INFO	Marionette enabled
console.warn: SearchSettings: "get: No settings file exists, new profile?" (new NotFoundError("Could not open the file at C:\\Users\\yordan\\AppData\\Local\\Temp\\rust_mozprofile1Mpcmz\\search.json.mozlz4", (void 0)))
1624283343817	Marionette	INFO	Listening on port 1060
1624283344103	Marionette	WARN	TLS certificate errors will be ignored for this session
JavaScript warning: https://internet-banking.dbs.com.sg/IB/dsss/js/EncryptionApplet.js?version=100, line 70: unreachable code after return statement
1624283348187	Marionette	WARN	Ignoring event 'DOMContentLoaded' because document has an invalid readyState of 'complete'.
JavaScript warning: https://internet-banking.dbs.com.sg/IB/dsss/js/EncryptionApplet.js, line 70: unreachable code after return statement
1624283410884	Marionette	INFO	Stopped listening on port 1060
4283408168	mozrunner::runner	INFO	Running command: "C:\\Program Files\\Mozilla Firefox\\firefox.exe" "--marionette" "-foreground" "-no-remote" "-profile" "C:\\Users\\yordan\\AppData\\Local\\Temp\\rust_mozprofileDLkciD"
1624283408856	Marionette	INFO	Marionette enabled
console.warn: SearchSettings: "get: No settings file exists, new profile?" (new NotFoundError("Could not open the file at C:\\Users\\yordan\\AppData\\Local\\Temp\\rust_mozprofileDLkciD\\search.json.mozlz4", (void 0)))
1624283412167	Marionette	INFO	Listening on port 1059
1624283412372	Marionette	WARN	TLS certificate errors will be ignored for this session
JavaScript warning: https://internet-banking.dbs.com.sg/IB/dsss/js/EncryptionApplet.js?version=100, line 70: unreachable code after return statement
1624283416202	Marionette	WARN	Ignoring event 'DOMContentLoaded' because document has an invalid readyState of 'complete'.
JavaScript warning: https://internet-banking.dbs.com.sg/IB/dsss/js/EncryptionApplet.js, line 70: unreachable code after return statement
1624283437354	Marionette	INFO	Stopped listening on port 1059
4283436952	mozrunner::runner	INFO	Running command: "C:\\Program Files\\Mozilla Firefox\\firefox.exe" "--marionette" "-foreground" "-no-remote" "-profile" "C:\\Users\\yordan\\AppData\\Local\\Temp\\rust_mozprofileDwB6l7"
1624283437620	Marionette	INFO	Marionette enabled
console.warn: SearchSettings: "get: No settings file exists, new profile?" (new NotFoundError("Could not open the file at C:\\Users\\yordan\\AppData\\Local\\Temp\\rust_mozprofileDwB6l7\\search.json.mozlz4", (void 0)))
1624283439812	Marionette	INFO	Listening on port 1151
1624283440150	Marionette	WARN	TLS certificate errors will be ignored for this session
JavaScript warning: https://internet-banking.dbs.com.sg/IB/dsss/js/EncryptionApplet.js?version=100, line 70: unreachable code after return statement
1624283444176	Marionette	WARN	Ignoring event 'DOMContentLoaded' because document has an invalid readyState of 'complete'.
JavaScript warning: https://internet-banking.dbs.com.sg/IB/dsss/js/EncryptionApplet.js, line 70: unreachable code after return statement
1624283547174	Marionette	INFO	Stopped listening on port 1151

###!!! [Child][RunMessage] Error: Channel closing: too late to send/recv, messages will be lost

1624283551342	geckodriver	INFO	Listening on 127.0.0.1:1035
1624283554399	mozrunner::runner	INFO	Running command: "C:\\Program Files\\Mozilla Firefox\\firefox.exe" "--marionette" "-headless" "-foreground" "-no-remote" "-profile" "C:\\Users\\yordan\\AppData\\Local\\Temp\\rust_mozprofile46os1F"
*** You are running in headless mode.
1624283554901	Marionette	INFO	Marionette enabled
console.warn: SearchSettings: "get: No settings file exists, new profile?" (new NotFoundError("Could not open the file at C:\\Users\\yordan\\AppData\\Local\\Temp\\rust_mozprofile46os1F\\search.json.mozlz4", (void 0)))
1624283556300	Marionette	INFO	Listening on port 1044
1624283556458	Marionette	WARN	TLS certificate errors will be ignored for this session
JavaScript warning: https://internet-banking.dbs.com.sg/IB/dsss/js/EncryptionApplet.js?version=100, line 70: unreachable code after return statement
JavaScript warning: https://assets.adobedtm.com/7cb8109970d1/91e60302cf2a/launch-aeb39dae19a7.min.js?version=253, line 5: Failed to create WebGL context: WebGL creation failed: 
* Can't use WebGL in headless mode (https://bugzil.la/1375585). ()
JavaScript warning: https://assets.adobedtm.com/7cb8109970d1/91e60302cf2a/launch-aeb39dae19a7.min.js?version=253, line 5: Failed to create WebGL context: WebGL creation failed: 
* Can't use WebGL in headless mode (https://bugzil.la/1375585). ()
1624283558330	Marionette	WARN	Ignoring event 'DOMContentLoaded' because document has an invalid readyState of 'complete'.
1624283562224	Marionette	WARN	Ignoring event 'DOMContentLoaded' because document has an invalid readyState of 'complete'.
JavaScript warning: https://internet-banking.dbs.com.sg/IB/dsss/js/EncryptionApplet.js, line 70: unreachable code after return statement
JavaScript warning: https://assets.adobedtm.com/7cb8109970d1/91e60302cf2a/launch-aeb39dae19a7.min.js?version=253, line 5: Failed to create WebGL context: WebGL creation failed: 
* Can't use WebGL in headless mode (https://bugzil.la/1375585). ()
JavaScript warning: https://assets.adobedtm.com/7cb8109970d1/91e60302cf2a/launch-aeb39dae19a7.min.js?version=253, line 5: Failed to create WebGL context: WebGL creation failed: 
* Can't use WebGL in headless mode (https://bugzil.la/1375585). ()
JavaScript warning: https://assets.adobedtm.com/7cb8109970d1/91e60302cf2a/launch-aeb39dae19a7.min.js?version=253, line 5: Failed to create WebGL context: WebGL creation failed: 
* Can't use WebGL in headless mode (https://bugzil.la/1375585). ()
JavaScript warning: https://assets.adobedtm.com/7cb8109970d1/91e60302cf2a/launch-aeb39dae19a7.min.js?version=253, line 5: Failed to create WebGL context: WebGL creation failed: 
* Can't use WebGL in headless mode (https://bugzil.la/1375585). ()
JavaScript error: , line 0: NotFoundError: Could not move source file(C:\Users\yordan\AppData\Local\Temp\rust_mozprofile46os1F\bookmarkbackups\bookmarks-2021-06-21_11_sc7u7A+dYx1VEHvxn-1tpQ==.jsonlz4) because it does not exist
"C:\\Users\\yordan\\AppData\\Local\\Temp\\rust_mozprofilebg46t5"
*** You are running in headless mode.
1624288884481	Marionette	INFO	Marionette enabled
console.warn: SearchSettings: "get: No settings file exists, new profile?" (new NotFoundError("Could not open the file at C:\\Users\\yordan\\AppData\\Local\\Temp\\rust_mozprofilebg46t5\\search.json.mozlz4", (void 0)))
1624288885862	Marionette	INFO	Listening on port 1079
1624288885997	Marionette	WARN	TLS certificate errors will be ignored for this session
JavaScript warning: https://internet-banking.dbs.com.sg/IB/dsss/js/EncryptionApplet.js?version=100, line 70: unreachable code after return statement
JavaScript warning: https://assets.adobedtm.com/7cb8109970d1/91e60302cf2a/launch-aeb39dae19a7.min.js?version=253, line 5: Failed to create WebGL context: WebGL creation failed: 
* Can't use WebGL in headless mode (https://bugzil.la/1375585). ()
JavaScript warning: https://assets.adobedtm.com/7cb8109970d1/91e60302cf2a/launch-aeb39dae19a7.min.js?version=253, line 5: Failed to create WebGL context: WebGL creation failed: 
* Can't use WebGL in headless mode (https://bugzil.la/1375585). ()
1624288889750	Marionette	WARN	Ignoring event 'DOMContentLoaded' because document has an invalid readyState of 'complete'.
1624288889751	Marionette	WARN	Ignoring event 'DOMContentLoaded' because document has an invalid readyState of 'complete'.
JavaScript warning: https://internet-banking.dbs.com.sg/IB/dsss/js/EncryptionApplet.js, line 70: unreachable code after return statement
JavaScript warning: https://assets.adobedtm.com/7cb8109970d1/91e60302cf2a/launch-aeb39dae19a7.min.js?version=253, line 5: Failed to create WebGL context: WebGL creation failed: 
* Can't use WebGL in headless mode (https://bugzil.la/1375585). ()
JavaScript warning: https://assets.adobedtm.com/7cb8109970d1/91e60302cf2a/launch-aeb39dae19a7.min.js?version=253, line 5: Failed to create WebGL context: WebGL creation failed: 
* Can't use WebGL in headless mode (https://bugzil.la/1375585). ()
JavaScript warning: https://assets.adobedtm.com/7cb8109970d1/91e60302cf2a/launch-aeb39dae19a7.min.js?version=253, line 5: Failed to create WebGL context: WebGL creation failed: 
* Can't use WebGL in headless mode (https://bugzil.la/1375585). ()
JavaScript warning: https://assets.adobedtm.com/7cb8109970d1/91e60302cf2a/launch-aeb39dae19a7.min.js?version=253, line 5: Failed to create WebGL context: WebGL creation failed: 
* Can't use WebGL in headless mode (https://bugzil.la/1375585). ()
JavaScript error: , line 0: NotFoundError: Could not move source file(C:\Users\yordan\AppData\Local\Temp\rust_mozprofilebg46t5\bookmarkbackups\bookmarks-2021-06-21_11_OwfFgZIlh5rI8HExk-N3KQ==.jsonlz4) because it does not exist
"C:\\Users\\yordan\\AppData\\Local\\Temp\\rust_mozprofilekuhiVB"
*** You are running in headless mode.
1624289111128	Marionette	INFO	Marionette enabled
console.warn: SearchSettings: "get: No settings file exists, new profile?" (new NotFoundError("Could not open the file at C:\\Users\\yordan\\AppData\\Local\\Temp\\rust_mozprofilekuhiVB\\search.json.mozlz4", (void 0)))
1624289112661	Marionette	INFO	Listening on port 1183
1624289112699	Marionette	WARN	TLS certificate errors will be ignored for this session
JavaScript warning: https://internet-banking.dbs.com.sg/IB/dsss/js/EncryptionApplet.js?version=100, line 70: unreachable code after return statement
JavaScript warning: https://assets.adobedtm.com/7cb8109970d1/91e60302cf2a/launch-aeb39dae19a7.min.js?version=253, line 5: Failed to create WebGL context: WebGL creation failed: 
* Can't use WebGL in headless mode (https://bugzil.la/1375585). ()
JavaScript warning: https://assets.adobedtm.com/7cb8109970d1/91e60302cf2a/launch-aeb39dae19a7.min.js?version=253, line 5: Failed to create WebGL context: WebGL creation failed: 
* Can't use WebGL in headless mode (https://bugzil.la/1375585). ()
1624289116393	Marionette	WARN	Ignoring event 'DOMContentLoaded' because document has an invalid readyState of 'complete'.
JavaScript warning: https://internet-banking.dbs.com.sg/IB/dsss/js/EncryptionApplet.js, line 70: unreachable code after return statement
JavaScript warning: https://assets.adobedtm.com/7cb8109970d1/91e60302cf2a/launch-aeb39dae19a7.min.js?version=253, line 5: Failed to create WebGL context: WebGL creation failed: 
* Can't use WebGL in headless mode (https://bugzil.la/1375585). ()
JavaScript warning: https://assets.adobedtm.com/7cb8109970d1/91e60302cf2a/launch-aeb39dae19a7.min.js?version=253, line 5: Failed to create WebGL context: WebGL creation failed: 
* Can't use WebGL in headless mode (https://bugzil.la/1375585). ()
JavaScript warning: https://assets.adobedtm.com/7cb8109970d1/91e60302cf2a/launch-aeb39dae19a7.min.js?version=253, line 5: Failed to create WebGL context: WebGL creation failed: 
* Can't use WebGL in headless mode (https://bugzil.la/1375585). ()
JavaScript warning: https://assets.adobedtm.com/7cb8109970d1/91e60302cf2a/launch-aeb39dae19a7.min.js?version=253, line 5: Failed to create WebGL context: WebGL creation failed: 
* Can't use WebGL in headless mode (https://bugzil.la/1375585). ()
1624291325035	geckodriver	INFO	Listening on 127.0.0.1:1098
1624291328098	mozrunner::runner	INFO	Running command: "C:\\Program Files\\Mozilla Firefox\\firefox.exe" "--marionette" "--headless" "--disable-gpu" "--no-sandbox" "--remote-debugging-port=9224" "-foreground" "-no-remote" "-profile" "C:\\Users\\yordan\\AppData\\Local\\Temp\\rust_mozprofileTtXPG1"
*** You are running in headless mode.
1624291328656	Marionette	INFO	Marionette enabled
console.warn: SearchSettings: "get: No settings file exists, new profile?" (new NotFoundError("Could not open the file at C:\\Users\\yordan\\AppData\\Local\\Temp\\rust_mozprofileTtXPG1\\search.json.mozlz4", (void 0)))
DevTools listening on ws://localhost:9224/devtools/browser/9b244d29-09d3-46ec-a156-5681e47d3402
1624291330120	Marionette	INFO	Listening on port 1106
1624291330154	Marionette	WARN	TLS certificate errors will be ignored for this session
JavaScript warning: https://internet-banking.dbs.com.sg/IB/dsss/js/EncryptionApplet.js?version=100, line 70: unreachable code after return statement
JavaScript warning: https://assets.adobedtm.com/7cb8109970d1/91e60302cf2a/launch-aeb39dae19a7.min.js?version=253, line 5: Failed to create WebGL context: WebGL creation failed: 
* Can't use WebGL in headless mode (https://bugzil.la/1375585). ()
JavaScript warning: https://assets.adobedtm.com/7cb8109970d1/91e60302cf2a/launch-aeb39dae19a7.min.js?version=253, line 5: Failed to create WebGL context: WebGL creation failed: 
* Can't use WebGL in headless mode (https://bugzil.la/1375585). ()
1624291334032	Marionette	WARN	Ignoring event 'DOMContentLoaded' because document has an invalid readyState of 'complete'.
JavaScript warning: https://internet-banking.dbs.com.sg/IB/dsss/js/EncryptionApplet.js, line 70: unreachable code after return statement
JavaScript warning: https://assets.adobedtm.com/7cb8109970d1/91e60302cf2a/launch-aeb39dae19a7.min.js?version=253, line 5: Failed to create WebGL context: WebGL creation failed: 
* Can't use WebGL in headless mode (https://bugzil.la/1375585). ()
JavaScript warning: https://assets.adobedtm.com/7cb8109970d1/91e60302cf2a/launch-aeb39dae19a7.min.js?version=253, line 5: Failed to create WebGL context: WebGL creation failed: 
* Can't use WebGL in headless mode (https://bugzil.la/1375585). ()
JavaScript warning: https://assets.adobedtm.com/7cb8109970d1/91e60302cf2a/launch-aeb39dae19a7.min.js?version=253, line 5: Failed to create WebGL context: WebGL creation failed: 
* Can't use WebGL in headless mode (https://bugzil.la/1375585). ()
JavaScript warning: https://assets.adobedtm.com/7cb8109970d1/91e60302cf2a/launch-aeb39dae19a7.min.js?version=253, line 5: Failed to create WebGL context: WebGL creation failed: 
* Can't use WebGL in headless mode (https://bugzil.la/1375585). ()
JavaScript error: , line 0: NotFoundError: Could not move source file(C:\Users\yordan\AppData\Local\Temp\rust_mozprofileTtXPG1\bookmarkbackups\bookmarks-2021-06-21_11_laGEJs7Xy+nGKYDQgH45Zg==.jsonlz4) because it does not exist
1624310879835	geckodriver	INFO	Listening on 127.0.0.1:1129
1624310882875	mozrunner::runner	INFO	Running command: "C:\\Program Files\\Mozilla Firefox\\firefox.exe" "--marionette" "--headless" "--disable-gpu" "--no-sandbox" "--remote-debugging-port=9224" "-foreground" "-no-remote" "-profile" "C:\\Users\\yordan\\AppData\\Local\\Temp\\rust_mozprofilepodfX0"
*** You are running in headless mode.
1624310883480	Marionette	INFO	Marionette enabled
console.warn: SearchSettings: "get: No settings file exists, new profile?" (new NotFoundError("Could not open the file at C:\\Users\\yordan\\AppData\\Local\\Temp\\rust_mozprofilepodfX0\\search.json.mozlz4", (void 0)))
DevTools listening on ws://localhost:9224/devtools/browser/b8b43411-f8a3-4537-ab72-ab7173c4366c
1624310884955	Marionette	INFO	Listening on port 1138
1624310885038	Marionette	WARN	TLS certificate errors will be ignored for this session
JavaScript warning: https://internet-banking.dbs.com.sg/IB/dsss/js/EncryptionApplet.js?version=100, line 70: unreachable code after return statement
JavaScript warning: https://assets.adobedtm.com/7cb8109970d1/91e60302cf2a/launch-aeb39dae19a7.min.js?version=253, line 5: Failed to create WebGL context: WebGL creation failed: 
* Can't use WebGL in headless mode (https://bugzil.la/1375585). ()
JavaScript warning: https://assets.adobedtm.com/7cb8109970d1/91e60302cf2a/launch-aeb39dae19a7.min.js?version=253, line 5: Failed to create WebGL context: WebGL creation failed: 
* Can't use WebGL in headless mode (https://bugzil.la/1375585). ()
1624310887920	Marionette	WARN	Ignoring event 'DOMContentLoaded' because document has an invalid readyState of 'complete'.
JavaScript warning: https://internet-banking.dbs.com.sg/IB/dsss/js/EncryptionApplet.js, line 70: unreachable code after return statement
JavaScript warning: https://assets.adobedtm.com/7cb8109970d1/91e60302cf2a/launch-aeb39dae19a7.min.js?version=253, line 5: Failed to create WebGL context: WebGL creation failed: 
* Can't use WebGL in headless mode (https://bugzil.la/1375585). ()
JavaScript warning: https://assets.adobedtm.com/7cb8109970d1/91e60302cf2a/launch-aeb39dae19a7.min.js?version=253, line 5: Failed to create WebGL context: WebGL creation failed: 
* Can't use WebGL in headless mode (https://bugzil.la/1375585). ()
JavaScript warning: https://assets.adobedtm.com/7cb8109970d1/91e60302cf2a/launch-aeb39dae19a7.min.js?version=253, line 5: Failed to create WebGL context: WebGL creation failed: 
* Can't use WebGL in headless mode (https://bugzil.la/1375585). ()
JavaScript warning: https://assets.adobedtm.com/7cb8109970d1/91e60302cf2a/launch-aeb39dae19a7.min.js?version=253, line 5: Failed to create WebGL context: WebGL creation failed: 
* Can't use WebGL in headless mode (https://bugzil.la/1375585). ()
1624311650914	geckodriver	INFO	Listening on 127.0.0.1:19585
1624311653957	mozrunner::runner	INFO	Running command: "C:\\Program Files\\Mozilla Firefox\\firefox.exe" "--marionette" "--headless" "--disable-gpu" "--no-sandbox" "--remote-debugging-port=9224" "-foreground" "-no-remote" "-profile" "C:\\Users\\yordan\\AppData\\Local\\Temp\\rust_mozprofileTSWq3s"
*** You are running in headless mode.
1624311654500	Marionette	INFO	Marionette enabled
console.warn: SearchSettings: "get: No settings file exists, new profile?" (new NotFoundError("Could not open the file at C:\\Users\\yordan\\AppData\\Local\\Temp\\rust_mozprofileTSWq3s\\search.json.mozlz4", (void 0)))
DevTools listening on ws://localhost:9224/devtools/browser/d736d571-9ce8-4f96-b8fe-b38e5dbb803c
1624311656015	Marionette	INFO	Listening on port 19593
1624311656117	Marionette	WARN	TLS certificate errors will be ignored for this session
JavaScript warning: https://internet-banking.dbs.com.sg/IB/dsss/js/EncryptionApplet.js?version=100, line 70: unreachable code after return statement
JavaScript warning: https://assets.adobedtm.com/7cb8109970d1/91e60302cf2a/launch-aeb39dae19a7.min.js?version=253, line 5: Failed to create WebGL context: WebGL creation failed: 
* Can't use WebGL in headless mode (https://bugzil.la/1375585). ()
JavaScript warning: https://assets.adobedtm.com/7cb8109970d1/91e60302cf2a/launch-aeb39dae19a7.min.js?version=253, line 5: Failed to create WebGL context: WebGL creation failed: 
* Can't use WebGL in headless mode (https://bugzil.la/1375585). ()
1624311659264	Marionette	WARN	Ignoring event 'DOMContentLoaded' because document has an invalid readyState of 'complete'.
JavaScript warning: https://internet-banking.dbs.com.sg/IB/dsss/js/EncryptionApplet.js, line 70: unreachable code after return statement
JavaScript warning: https://assets.adobedtm.com/7cb8109970d1/91e60302cf2a/launch-aeb39dae19a7.min.js?version=253, line 5: Failed to create WebGL context: WebGL creation failed: 
* Can't use WebGL in headless mode (https://bugzil.la/1375585). ()
JavaScript warning: https://assets.adobedtm.com/7cb8109970d1/91e60302cf2a/launch-aeb39dae19a7.min.js?version=253, line 5: Failed to create WebGL context: WebGL creation failed: 
* Can't use WebGL in headless mode (https://bugzil.la/1375585). ()
JavaScript warning: https://assets.adobedtm.com/7cb8109970d1/91e60302cf2a/launch-aeb39dae19a7.min.js?version=253, line 5: Failed to create WebGL context: WebGL creation failed: 
* Can't use WebGL in headless mode (https://bugzil.la/1375585). ()
JavaScript warning: https://assets.adobedtm.com/7cb8109970d1/91e60302cf2a/launch-aeb39dae19a7.min.js?version=253, line 5: Failed to create WebGL context: WebGL creation failed: 
* Can't use WebGL in headless mode (https://bugzil.la/1375585). ()
1624312298860	geckodriver	INFO	Listening on 127.0.0.1:1154
1624312301891	mozrunner::runner	INFO	Running command: "C:\\Program Files\\Mozilla Firefox\\firefox.exe" "--marionette" "--headless" "--disable-gpu" "--no-sandbox" "--remote-debugging-port=9224" "-foreground" "-no-remote" "-profile" "C:\\Users\\yordan\\AppData\\Local\\Temp\\rust_mozprofileZKJypE"
*** You are running in headless mode.
1624312302468	Marionette	INFO	Marionette enabled
console.warn: SearchSettings: "get: No settings file exists, new profile?" (new NotFoundError("Could not open the file at C:\\Users\\yordan\\AppData\\Local\\Temp\\rust_mozprofileZKJypE\\search.json.mozlz4", (void 0)))
DevTools listening on ws://localhost:9224/devtools/browser/502140dd-fa30-4c6e-9d9d-23ad7db3abbf
1624312303941	Marionette	INFO	Listening on port 1164
1624312304058	Marionette	WARN	TLS certificate errors will be ignored for this session
JavaScript warning: https://internet-banking.dbs.com.sg/IB/dsss/js/EncryptionApplet.js?version=100, line 70: unreachable code after return statement
JavaScript warning: https://assets.adobedtm.com/7cb8109970d1/91e60302cf2a/launch-aeb39dae19a7.min.js?version=253, line 5: Failed to create WebGL context: WebGL creation failed: 
* Can't use WebGL in headless mode (https://bugzil.la/1375585). ()
JavaScript warning: https://assets.adobedtm.com/7cb8109970d1/91e60302cf2a/launch-aeb39dae19a7.min.js?version=253, line 5: Failed to create WebGL context: WebGL creation failed: 
* Can't use WebGL in headless mode (https://bugzil.la/1375585). ()
1624312307235	Marionette	WARN	Ignoring event 'DOMContentLoaded' because document has an invalid readyState of 'complete'.
JavaScript warning: https://internet-banking.dbs.com.sg/IB/dsss/js/EncryptionApplet.js, line 70: unreachable code after return statement
JavaScript warning: https://assets.adobedtm.com/7cb8109970d1/91e60302cf2a/launch-aeb39dae19a7.min.js?version=253, line 5: Failed to create WebGL context: WebGL creation failed: 
* Can't use WebGL in headless mode (https://bugzil.la/1375585). ()
JavaScript warning: https://assets.adobedtm.com/7cb8109970d1/91e60302cf2a/launch-aeb39dae19a7.min.js?version=253, line 5: Failed to create WebGL context: WebGL creation failed: 
* Can't use WebGL in headless mode (https://bugzil.la/1375585). ()
JavaScript warning: https://assets.adobedtm.com/7cb8109970d1/91e60302cf2a/launch-aeb39dae19a7.min.js?version=253, line 5: Failed to create WebGL context: WebGL creation failed: 
* Can't use WebGL in headless mode (https://bugzil.la/1375585). ()
JavaScript warning: https://assets.adobedtm.com/7cb8109970d1/91e60302cf2a/launch-aeb39dae19a7.min.js?version=253, line 5: Failed to create WebGL context: WebGL creation failed: 
* Can't use WebGL in headless mode (https://bugzil.la/1375585). ()
1624313056924	geckodriver	INFO	Listening on 127.0.0.1:21000
1624313059981	mozrunner::runner	INFO	Running command: "C:\\Program Files\\Mozilla Firefox\\firefox.exe" "--marionette" "--headless" "--disable-gpu" "--no-sandbox" "--remote-debugging-port=9224" "-foreground" "-no-remote" "-profile" "C:\\Users\\yordan\\AppData\\Local\\Temp\\rust_mozprofileYKfkVh"
*** You are running in headless mode.
1624313060548	Marionette	INFO	Marionette enabled
console.warn: SearchSettings: "get: No settings file exists, new profile?" (new NotFoundError("Could not open the file at C:\\Users\\yordan\\AppData\\Local\\Temp\\rust_mozprofileYKfkVh\\search.json.mozlz4", (void 0)))
DevTools listening on ws://localhost:9224/devtools/browser/1fc253e0-5377-4a1e-add6-6f0132bd12ec
1624313061958	Marionette	INFO	Listening on port 21010
1624313062027	Marionette	WARN	TLS certificate errors will be ignored for this session
JavaScript warning: https://internet-banking.dbs.com.sg/IB/dsss/js/EncryptionApplet.js?version=100, line 70: unreachable code after return statement
JavaScript warning: https://assets.adobedtm.com/7cb8109970d1/91e60302cf2a/launch-aeb39dae19a7.min.js?version=253, line 5: Failed to create WebGL context: WebGL creation failed: 
* Can't use WebGL in headless mode (https://bugzil.la/1375585). ()
JavaScript warning: https://assets.adobedtm.com/7cb8109970d1/91e60302cf2a/launch-aeb39dae19a7.min.js?version=253, line 5: Failed to create WebGL context: WebGL creation failed: 
* Can't use WebGL in headless mode (https://bugzil.la/1375585). ()
1624313064991	Marionette	WARN	Ignoring event 'DOMContentLoaded' because document has an invalid readyState of 'complete'.
JavaScript warning: https://internet-banking.dbs.com.sg/IB/dsss/js/EncryptionApplet.js, line 70: unreachable code after return statement
JavaScript warning: https://assets.adobedtm.com/7cb8109970d1/91e60302cf2a/launch-aeb39dae19a7.min.js?version=253, line 5: Failed to create WebGL context: WebGL creation failed: 
* Can't use WebGL in headless mode (https://bugzil.la/1375585). ()
JavaScript warning: https://assets.adobedtm.com/7cb8109970d1/91e60302cf2a/launch-aeb39dae19a7.min.js?version=253, line 5: Failed to create WebGL context: WebGL creation failed: 
* Can't use WebGL in headless mode (https://bugzil.la/1375585). ()
JavaScript warning: https://assets.adobedtm.com/7cb8109970d1/91e60302cf2a/launch-aeb39dae19a7.min.js?version=253, line 5: Failed to create WebGL context: WebGL creation failed: 
* Can't use WebGL in headless mode (https://bugzil.la/1375585). ()
JavaScript warning: https://assets.adobedtm.com/7cb8109970d1/91e60302cf2a/launch-aeb39dae19a7.min.js?version=253, line 5: Failed to create WebGL context: WebGL creation failed: 
* Can't use WebGL in headless mode (https://bugzil.la/1375585). ()
1624328954084	geckodriver	INFO	Listening on 127.0.0.1:1580
1624328957141	mozrunner::runner	INFO	Running command: "C:\\Program Files\\Mozilla Firefox\\firefox.exe" "--marionette" "--headless" "--disable-gpu" "--no-sandbox" "--remote-debugging-port=9224" "-foreground" "-no-remote" "-profile" "C:\\Users\\yordan\\AppData\\Local\\Temp\\rust_mozprofileG00UJW"
*** You are running in headless mode.
1624328958396	Marionette	INFO	Marionette enabled
console.warn: SearchSettings: "get: No settings file exists, new profile?" (new NotFoundError("Could not open the file at C:\\Users\\yordan\\AppData\\Local\\Temp\\rust_mozprofileG00UJW\\search.json.mozlz4", (void 0)))
DevTools listening on ws://localhost:9224/devtools/browser/fb64f766-1803-4cb2-8d75-d91c48d3a21d
1624328960005	Marionette	INFO	Listening on port 1591
1624328960318	Marionette	WARN	TLS certificate errors will be ignored for this session
JavaScript warning: https://internet-banking.dbs.com.sg/IB/dsss/js/EncryptionApplet.js?version=100, line 70: unreachable code after return statement
JavaScript warning: https://assets.adobedtm.com/7cb8109970d1/91e60302cf2a/launch-aeb39dae19a7.min.js?version=253, line 5: Failed to create WebGL context: WebGL creation failed: 
* Can't use WebGL in headless mode (https://bugzil.la/1375585). ()
JavaScript warning: https://assets.adobedtm.com/7cb8109970d1/91e60302cf2a/launch-aeb39dae19a7.min.js?version=253, line 5: Failed to create WebGL context: WebGL creation failed: 
* Can't use WebGL in headless mode (https://bugzil.la/1375585). ()
1624328963994	Marionette	WARN	Ignoring event 'DOMContentLoaded' because document has an invalid readyState of 'complete'.
JavaScript warning: https://internet-banking.dbs.com.sg/IB/dsss/js/EncryptionApplet.js, line 70: unreachable code after return statement
JavaScript warning: https://assets.adobedtm.com/7cb8109970d1/91e60302cf2a/launch-aeb39dae19a7.min.js?version=253, line 5: Failed to create WebGL context: WebGL creation failed: 
* Can't use WebGL in headless mode (https://bugzil.la/1375585). ()
JavaScript warning: https://assets.adobedtm.com/7cb8109970d1/91e60302cf2a/launch-aeb39dae19a7.min.js?version=253, line 5: Failed to create WebGL context: WebGL creation failed: 
* Can't use WebGL in headless mode (https://bugzil.la/1375585). ()
JavaScript warning: https://assets.adobedtm.com/7cb8109970d1/91e60302cf2a/launch-aeb39dae19a7.min.js?version=253, line 5: Failed to create WebGL context: WebGL creation failed: 
* Can't use WebGL in headless mode (https://bugzil.la/1375585). ()
JavaScript warning: https://assets.adobedtm.com/7cb8109970d1/91e60302cf2a/launch-aeb39dae19a7.min.js?version=253, line 5: Failed to create WebGL context: WebGL creation failed: 
* Can't use WebGL in headless mode (https://bugzil.la/1375585). ()
1624329556671	geckodriver	INFO	Listening on 127.0.0.1:5002
1624329559733	mozrunner::runner	INFO	Running command: "C:\\Program Files\\Mozilla Firefox\\firefox.exe" "--marionette" "--headless" "--disable-gpu" "--no-sandbox" "--remote-debugging-port=9224" "-foreground" "-no-remote" "-profile" "C:\\Users\\yordan\\AppData\\Local\\Temp\\rust_mozprofileLCgPEH"
*** You are running in headless mode.
1624329560481	Marionette	INFO	Marionette enabled
console.warn: SearchSettings: "get: No settings file exists, new profile?" (new NotFoundError("Could not open the file at C:\\Users\\yordan\\AppData\\Local\\Temp\\rust_mozprofileLCgPEH\\search.json.mozlz4", (void 0)))
DevTools listening on ws://localhost:9224/devtools/browser/17115abc-8001-4684-ac0d-c2a013609608
1624329562663	Marionette	INFO	Listening on port 5011
1624329562931	Marionette	WARN	TLS certificate errors will be ignored for this session
JavaScript warning: https://internet-banking.dbs.com.sg/IB/dsss/js/EncryptionApplet.js?version=100, line 70: unreachable code after return statement
JavaScript warning: https://assets.adobedtm.com/7cb8109970d1/91e60302cf2a/launch-aeb39dae19a7.min.js?version=253, line 5: Failed to create WebGL context: WebGL creation failed: 
* Can't use WebGL in headless mode (https://bugzil.la/1375585). ()
JavaScript warning: https://assets.adobedtm.com/7cb8109970d1/91e60302cf2a/launch-aeb39dae19a7.min.js?version=253, line 5: Failed to create WebGL context: WebGL creation failed: 
* Can't use WebGL in headless mode (https://bugzil.la/1375585). ()
1624329565370	Marionette	WARN	Ignoring event 'DOMContentLoaded' because document has an invalid readyState of 'complete'.
JavaScript warning: https://internet-banking.dbs.com.sg/IB/dsss/js/EncryptionApplet.js, line 70: unreachable code after return statement
JavaScript warning: https://assets.adobedtm.com/7cb8109970d1/91e60302cf2a/launch-aeb39dae19a7.min.js?version=253, line 5: Failed to create WebGL context: WebGL creation failed: 
* Can't use WebGL in headless mode (https://bugzil.la/1375585). ()
JavaScript warning: https://assets.adobedtm.com/7cb8109970d1/91e60302cf2a/launch-aeb39dae19a7.min.js?version=253, line 5: Failed to create WebGL context: WebGL creation failed: 
* Can't use WebGL in headless mode (https://bugzil.la/1375585). ()
JavaScript warning: https://assets.adobedtm.com/7cb8109970d1/91e60302cf2a/launch-aeb39dae19a7.min.js?version=253, line 5: Failed to create WebGL context: WebGL creation failed: 
* Can't use WebGL in headless mode (https://bugzil.la/1375585). ()
JavaScript warning: https://assets.adobedtm.com/7cb8109970d1/91e60302cf2a/launch-aeb39dae19a7.min.js?version=253, line 5: Failed to create WebGL context: WebGL creation failed: 
* Can't use WebGL in headless mode (https://bugzil.la/1375585). ()
1624329818565	geckodriver	INFO	Listening on 127.0.0.1:16561
1624329821650	mozrunner::runner	INFO	Running command: "C:\\Program Files\\Mozilla Firefox\\firefox.exe" "--marionette" "--headless" "--disable-gpu" "--no-sandbox" "--remote-debugging-port=9224" "-foreground" "-no-remote" "-profile" "C:\\Users\\yordan\\AppData\\Local\\Temp\\rust_mozprofileruKzeK"
*** You are running in headless mode.
1624329822248	Marionette	INFO	Marionette enabled
console.warn: SearchSettings: "get: No settings file exists, new profile?" (new NotFoundError("Could not open the file at C:\\Users\\yordan\\AppData\\Local\\Temp\\rust_mozprofileruKzeK\\search.json.mozlz4", (void 0)))
DevTools listening on ws://localhost:9224/devtools/browser/9fbcec8e-155b-4f3d-86ab-4de8efdc42d9
1624329823712	Marionette	INFO	Listening on port 25968
1624329823820	Marionette	WARN	TLS certificate errors will be ignored for this session
JavaScript warning: https://internet-banking.dbs.com.sg/IB/dsss/js/EncryptionApplet.js?version=100, line 70: unreachable code after return statement
JavaScript warning: https://assets.adobedtm.com/7cb8109970d1/91e60302cf2a/launch-aeb39dae19a7.min.js?version=253, line 5: Failed to create WebGL context: WebGL creation failed: 
* Can't use WebGL in headless mode (https://bugzil.la/1375585). ()
JavaScript warning: https://assets.adobedtm.com/7cb8109970d1/91e60302cf2a/launch-aeb39dae19a7.min.js?version=253, line 5: Failed to create WebGL context: WebGL creation failed: 
* Can't use WebGL in headless mode (https://bugzil.la/1375585). ()
1624329827161	Marionette	WARN	Ignoring event 'DOMContentLoaded' because document has an invalid readyState of 'complete'.
JavaScript warning: https://internet-banking.dbs.com.sg/IB/dsss/js/EncryptionApplet.js, line 70: unreachable code after return statement
JavaScript warning: https://assets.adobedtm.com/7cb8109970d1/91e60302cf2a/launch-aeb39dae19a7.min.js?version=253, line 5: Failed to create WebGL context: WebGL creation failed: 
* Can't use WebGL in headless mode (https://bugzil.la/1375585). ()
JavaScript warning: https://assets.adobedtm.com/7cb8109970d1/91e60302cf2a/launch-aeb39dae19a7.min.js?version=253, line 5: Failed to create WebGL context: WebGL creation failed: 
* Can't use WebGL in headless mode (https://bugzil.la/1375585). ()
JavaScript warning: https://assets.adobedtm.com/7cb8109970d1/91e60302cf2a/launch-aeb39dae19a7.min.js?version=253, line 5: Failed to create WebGL context: WebGL creation failed: 
* Can't use WebGL in headless mode (https://bugzil.la/1375585). ()
JavaScript warning: https://assets.adobedtm.com/7cb8109970d1/91e60302cf2a/launch-aeb39dae19a7.min.js?version=253, line 5: Failed to create WebGL context: WebGL creation failed: 
* Can't use WebGL in headless mode (https://bugzil.la/1375585). ()
1624330495742	geckodriver	INFO	Listening on 127.0.0.1:22859
1624330498794	mozrunner::runner	INFO	Running command: "C:\\Program Files\\Mozilla Firefox\\firefox.exe" "--marionette" "--headless" "--disable-gpu" "--no-sandbox" "--remote-debugging-port=9224" "-foreground" "-no-remote" "-profile" "C:\\Users\\yordan\\AppData\\Local\\Temp\\rust_mozprofileSmjEe7"
*** You are running in headless mode.
1624330499509	Marionette	INFO	Marionette enabled
console.warn: SearchSettings: "get: No settings file exists, new profile?" (new NotFoundError("Could not open the file at C:\\Users\\yordan\\AppData\\Local\\Temp\\rust_mozprofileSmjEe7\\search.json.mozlz4", (void 0)))
DevTools listening on ws://localhost:9224/devtools/browser/550d6ca5-1137-495b-8f02-3f6afb739fc6
1624330501460	Marionette	INFO	Listening on port 22867
1624330501969	Marionette	WARN	TLS certificate errors will be ignored for this session
JavaScript warning: https://internet-banking.dbs.com.sg/IB/dsss/js/EncryptionApplet.js?version=100, line 70: unreachable code after return statement
JavaScript warning: https://assets.adobedtm.com/7cb8109970d1/91e60302cf2a/launch-aeb39dae19a7.min.js?version=253, line 5: Failed to create WebGL context: WebGL creation failed: 
* Can't use WebGL in headless mode (https://bugzil.la/1375585). ()
JavaScript warning: https://assets.adobedtm.com/7cb8109970d1/91e60302cf2a/launch-aeb39dae19a7.min.js?version=253, line 5: Failed to create WebGL context: WebGL creation failed: 
* Can't use WebGL in headless mode (https://bugzil.la/1375585). ()
1624330505723	Marionette	WARN	Ignoring event 'DOMContentLoaded' because document has an invalid readyState of 'complete'.
JavaScript warning: https://internet-banking.dbs.com.sg/IB/dsss/js/EncryptionApplet.js, line 70: unreachable code after return statement
JavaScript warning: https://assets.adobedtm.com/7cb8109970d1/91e60302cf2a/launch-aeb39dae19a7.min.js?version=253, line 5: Failed to create WebGL context: WebGL creation failed: 
* Can't use WebGL in headless mode (https://bugzil.la/1375585). ()
JavaScript warning: https://assets.adobedtm.com/7cb8109970d1/91e60302cf2a/launch-aeb39dae19a7.min.js?version=253, line 5: Failed to create WebGL context: WebGL creation failed: 
* Can't use WebGL in headless mode (https://bugzil.la/1375585). ()
JavaScript warning: https://assets.adobedtm.com/7cb8109970d1/91e60302cf2a/launch-aeb39dae19a7.min.js?version=253, line 5: Failed to create WebGL context: WebGL creation failed: 
* Can't use WebGL in headless mode (https://bugzil.la/1375585). ()
JavaScript warning: https://assets.adobedtm.com/7cb8109970d1/91e60302cf2a/launch-aeb39dae19a7.min.js?version=253, line 5: Failed to create WebGL context: WebGL creation failed: 
* Can't use WebGL in headless mode (https://bugzil.la/1375585). ()
1624335102370	geckodriver	INFO	Listening on 127.0.0.1:20711
1624335105431	mozrunner::runner	INFO	Running command: "C:\\Program Files\\Mozilla Firefox\\firefox.exe" "--marionette" "--headless" "--disable-gpu" "--no-sandbox" "--remote-debugging-port=9224" "-foreground" "-no-remote" "-profile" "C:\\Users\\yordan\\AppData\\Local\\Temp\\rust_mozprofileeZIVnN"
*** You are running in headless mode.
1624335106214	Marionette	INFO	Marionette enabled
console.warn: SearchSettings: "get: No settings file exists, new profile?" (new NotFoundError("Could not open the file at C:\\Users\\yordan\\AppData\\Local\\Temp\\rust_mozprofileeZIVnN\\search.json.mozlz4", (void 0)))
DevTools listening on ws://localhost:9224/devtools/browser/4852926e-e39a-49ff-8fc7-e39857cc4db7
1624335108070	Marionette	INFO	Listening on port 20719
1624335108121	Marionette	WARN	TLS certificate errors will be ignored for this session
JavaScript warning: https://internet-banking.dbs.com.sg/IB/dsss/js/EncryptionApplet.js?version=100, line 70: unreachable code after return statement
JavaScript warning: https://assets.adobedtm.com/7cb8109970d1/91e60302cf2a/launch-aeb39dae19a7.min.js?version=253, line 5: Failed to create WebGL context: WebGL creation failed: 
* Can't use WebGL in headless mode (https://bugzil.la/1375585). ()
JavaScript warning: https://assets.adobedtm.com/7cb8109970d1/91e60302cf2a/launch-aeb39dae19a7.min.js?version=253, line 5: Failed to create WebGL context: WebGL creation failed: 
* Can't use WebGL in headless mode (https://bugzil.la/1375585). ()
1624335111966	Marionette	WARN	Ignoring event 'DOMContentLoaded' because document has an invalid readyState of 'complete'.
JavaScript warning: https://internet-banking.dbs.com.sg/IB/dsss/js/EncryptionApplet.js, line 70: unreachable code after return statement
JavaScript warning: https://assets.adobedtm.com/7cb8109970d1/91e60302cf2a/launch-aeb39dae19a7.min.js?version=253, line 5: Failed to create WebGL context: WebGL creation failed: 
* Can't use WebGL in headless mode (https://bugzil.la/1375585). ()
JavaScript warning: https://assets.adobedtm.com/7cb8109970d1/91e60302cf2a/launch-aeb39dae19a7.min.js?version=253, line 5: Failed to create WebGL context: WebGL creation failed: 
* Can't use WebGL in headless mode (https://bugzil.la/1375585). ()
JavaScript warning: https://assets.adobedtm.com/7cb8109970d1/91e60302cf2a/launch-aeb39dae19a7.min.js?version=253, line 5: Failed to create WebGL context: WebGL creation failed: 
* Can't use WebGL in headless mode (https://bugzil.la/1375585). ()
JavaScript warning: https://assets.adobedtm.com/7cb8109970d1/91e60302cf2a/launch-aeb39dae19a7.min.js?version=253, line 5: Failed to create WebGL context: WebGL creation failed: 
* Can't use WebGL in headless mode (https://bugzil.la/1375585). ()
1624345526047	geckodriver	INFO	Listening on 127.0.0.1:23309
1624345529129	mozrunner::runner	INFO	Running command: "C:\\Program Files\\Mozilla Firefox\\firefox.exe" "--marionette" "--headless" "--disable-gpu" "--no-sandbox" "--remote-debugging-port=9224" "-foreground" "-no-remote" "-profile" "C:\\Users\\yordan\\AppData\\Local\\Temp\\rust_mozprofileIJMd5X"
*** You are running in headless mode.
1624345529838	Marionette	INFO	Marionette enabled
console.warn: SearchSettings: "get: No settings file exists, new profile?" (new NotFoundError("Could not open the file at C:\\Users\\yordan\\AppData\\Local\\Temp\\rust_mozprofileIJMd5X\\search.json.mozlz4", (void 0)))
DevTools listening on ws://localhost:9224/devtools/browser/00f86e20-f52d-4b2f-895f-113f96656bf6
1624345531737	Marionette	INFO	Listening on port 23318
1624345531796	Marionette	WARN	TLS certificate errors will be ignored for this session
JavaScript warning: https://internet-banking.dbs.com.sg/IB/dsss/js/EncryptionApplet.js?version=100, line 70: unreachable code after return statement
JavaScript warning: https://assets.adobedtm.com/7cb8109970d1/91e60302cf2a/launch-aeb39dae19a7.min.js?version=253, line 5: Failed to create WebGL context: WebGL creation failed: 
* Can't use WebGL in headless mode (https://bugzil.la/1375585). ()
JavaScript warning: https://assets.adobedtm.com/7cb8109970d1/91e60302cf2a/launch-aeb39dae19a7.min.js?version=253, line 5: Failed to create WebGL context: WebGL creation failed: 
* Can't use WebGL in headless mode (https://bugzil.la/1375585). ()
1624345534985	Marionette	WARN	Ignoring event 'DOMContentLoaded' because document has an invalid readyState of 'complete'.
JavaScript warning: https://internet-banking.dbs.com.sg/IB/dsss/js/EncryptionApplet.js, line 70: unreachable code after return statement
JavaScript warning: https://assets.adobedtm.com/7cb8109970d1/91e60302cf2a/launch-aeb39dae19a7.min.js?version=253, line 5: Failed to create WebGL context: WebGL creation failed: 
* Can't use WebGL in headless mode (https://bugzil.la/1375585). ()
JavaScript warning: https://assets.adobedtm.com/7cb8109970d1/91e60302cf2a/launch-aeb39dae19a7.min.js?version=253, line 5: Failed to create WebGL context: WebGL creation failed: 
* Can't use WebGL in headless mode (https://bugzil.la/1375585). ()
[Parent 21360, IPC I/O Parent] WARNING: file /builds/worker/checkouts/gecko/ipc/chromium/src/base/process_util_win.cc:167
JavaScript warning: https://assets.adobedtm.com/7cb8109970d1/91e60302cf2a/launch-aeb39dae19a7.min.js?version=253, line 5: Failed to create WebGL context: WebGL creation failed: 
* Can't use WebGL in headless mode (https://bugzil.la/1375585). ()
JavaScript warning: https://assets.adobedtm.com/7cb8109970d1/91e60302cf2a/launch-aeb39dae19a7.min.js?version=253, line 5: Failed to create WebGL context: WebGL creation failed: 
* Can't use WebGL in headless mode (https://bugzil.la/1375585). ()
